<?xml version="1.0" encoding="UTF-8"?>
<!-- Generated by org.testng.reporters.JUnitXMLReporter -->
<testsuite ignored="0" hostname="karthik-2002" failures="0" tests="5" name="Surefire test" time="0.037" errors="0" timestamp="2025-03-19T17:44:57 IST">
  <testcase classname="testPages.CartTest" name="@BeforeMethod setUp" time="-1.742386497604E9">
    <failure type="org.testng.TestNGException" message="
Parameter &amp;apos;browser&amp;apos; is required by BeforeMethod on method setUp but has not been marked @Optional or defined
">
      <![CDATA[org.testng.TestNGException: 
Parameter 'browser' is required by BeforeMethod on method setUp but has not been marked @Optional or defined

at java.base/java.util.ArrayList.forEach(ArrayList.java:1597)
... Removed 33 stack frames]]>
    </failure>
  </testcase> <!-- @BeforeMethod setUp -->
  <testcase classname="testPages.CartTest" name="@AfterMethod closeDownbrowser" time="-1.742386497615E9">
    <skipped/>
  </testcase> <!-- @AfterMethod closeDownbrowser -->
  <testcase classname="testPages.LoginTest" name="@BeforeMethod setUp" time="-1.742386497617E9">
    <failure type="org.testng.TestNGException" message="
Parameter &amp;apos;browser&amp;apos; is required by BeforeMethod on method setUp but has not been marked @Optional or defined
">
      <![CDATA[org.testng.TestNGException: 
Parameter 'browser' is required by BeforeMethod on method setUp but has not been marked @Optional or defined

at java.base/java.util.ArrayList.forEach(ArrayList.java:1597)
... Removed 33 stack frames]]>
    </failure>
  </testcase> <!-- @BeforeMethod setUp -->
  <testcase classname="testPages.LoginTest" name="@AfterMethod closeDownbrowser" time="-1.742386497618E9">
    <skipped/>
  </testcase> <!-- @AfterMethod closeDownbrowser -->
  <testcase classname="testPages.RegisterTest" name="@BeforeMethod setUp" time="-1.742386497618E9">
    <failure type="org.testng.TestNGException" message="
Parameter &amp;apos;browser&amp;apos; is required by BeforeMethod on method setUp but has not been marked @Optional or defined
">
      <![CDATA[org.testng.TestNGException: 
Parameter 'browser' is required by BeforeMethod on method setUp but has not been marked @Optional or defined

at java.base/java.util.ArrayList.forEach(ArrayList.java:1597)
... Removed 33 stack frames]]>
    </failure>
  </testcase> <!-- @BeforeMethod setUp -->
  <testcase classname="testPages.RegisterTest" name="@AfterMethod closeDown" time="-1.742386497619E9">
    <skipped/>
  </testcase> <!-- @AfterMethod closeDown -->
  <testcase classname="testPages.RegisterTest" name="@BeforeMethod setUp" time="-1.742386497619E9">
    <skipped/>
  </testcase> <!-- @BeforeMethod setUp -->
  <testcase classname="testPages.RegisterTest" name="@AfterMethod closeDown" time="-1.742386497619E9">
    <skipped/>
  </testcase> <!-- @AfterMethod closeDown -->
  <testcase classname="testPages.RegisterTest" name="@BeforeMethod setUp" time="-1.74238649762E9">
    <skipped/>
  </testcase> <!-- @BeforeMethod setUp -->
  <testcase classname="testPages.RegisterTest" name="@AfterMethod closeDown" time="-1.74238649762E9">
    <skipped/>
  </testcase> <!-- @AfterMethod closeDown -->
  <testcase classname="testPages.CartTest" name="testingthecart" time="0.0">
    <skipped/>
  </testcase> <!-- testingthecart -->
  <testcase classname="testPages.LoginTest" name="testUserLogin" time="0.0">
    <skipped/>
  </testcase> <!-- testUserLogin -->
  <testcase classname="testPages.RegisterTest" name="testUserRegistration" time="0.0">
    <skipped/>
  </testcase> <!-- testUserRegistration -->
  <testcase classname="testPages.RegisterTest" name="testUserLogin" time="0.0">
    <skipped/>
  </testcase> <!-- testUserLogin -->
  <testcase classname="testPages.RegisterTest" name="testingthecart" time="0.0">
    <skipped/>
  </testcase> <!-- testingthecart -->
</testsuite> <!-- Surefire test -->
